<?xml version="1.0" encoding="UTF-8"?>
<testsuite xmlns:xsi="http://www.w3.org/2001/XMLSchema-instance" xsi:noNamespaceSchemaLocation="https://maven.apache.org/surefire/maven-surefire-plugin/xsd/surefire-test-report.xsd" name="CalculatorTest" time="0.229" tests="28" errors="0" skipped="0" failures="0">
  <properties>
[...]
</properties>
  <testcase name="divisionTest{double}[1]" classname="CalculatorTest" time="0.066"/>
  <testcase name="divisionTest{double}[2]" classname="CalculatorTest" time="0.001"/>
  <testcase name="divisionTest{double}[3]" classname="CalculatorTest" time="0.001"/>
  <testcase name="divisionTest{double}[4]" classname="CalculatorTest" time="0.001"/>
  <testcase name="divisionTest{double}[5]" classname="CalculatorTest" time="0.002"/>
  <testcase name="divisionTest{double}[6]" classname="CalculatorTest" time="0.001"/>
  <testcase name="divisionTest{double}[7]" classname="CalculatorTest" time="0.002"/>
  <testcase name="divisionTest{double}[8]" classname="CalculatorTest" time="0.001"/>
  <testcase name="divisionTest{double}[9]" classname="CalculatorTest" time="0.001"/>
  <testcase name="divisionTest{double}[10]" classname="CalculatorTest" time="0.001"/>
  <testcase name="additionTest{double}[1]" classname="CalculatorTest" time="0.003"/>
  <testcase name="additionTest{double}[2]" classname="CalculatorTest" time="0.001"/>
  <testcase name="additionTest{double}[3]" classname="CalculatorTest" time="0.001"/>
  <testcase name="additionTest{double}[4]" classname="CalculatorTest" time="0.001"/>
  <testcase name="additionTest{double}[5]" classname="CalculatorTest" time="0.001"/>
  <testcase name="additionTest{double}[6]" classname="CalculatorTest" time="0.001"/>
  <testcase name="additionTest{double}[7]" classname="CalculatorTest" time="0.001"/>
  <testcase name="additionTest{double}[8]" classname="CalculatorTest" time="0"/>
  <testcase name="multiplicationTest{int}[1]" classname="CalculatorTest" time="0.004"/>
  <testcase name="multiplicationTest{int}[2]" classname="CalculatorTest" time="0.001"/>
  <testcase name="multiplicationTest{int}[3]" classname="CalculatorTest" time="0.001"/>
  <testcase name="multiplicationTest{int}[4]" classname="CalculatorTest" time="0.001"/>
  <testcase name="multiplicationTest{int}[5]" classname="CalculatorTest" time="0.001"/>
  <testcase name="multiplicationTest{int}[6]" classname="CalculatorTest" time="0.001"/>
  <testcase name="multiplicationTest{int}[7]" classname="CalculatorTest" time="0"/>
  <testcase name="multiplicationTest{int}[8]" classname="CalculatorTest" time="0.001"/>
  <testcase name="multiplicationTest{int}[9]" classname="CalculatorTest" time="0.001"/>
  <testcase name="multiplicationTest{int}[10]" classname="CalculatorTest" time="0.001"/>
</testsuite>